<?xml version="1.0" encoding="UTF-8"?>
<testng-results skipped="0" failed="1" total="1" passed="0">
  <reporter-output>
    <line>
      <![CDATA[[LOG] Starting test ConditionerTest<br>]]>
    </line>
    <line>
      <![CDATA[[LOG] Opening main page <br>]]>
    </line>
  </reporter-output>
  <suite name="Default suite" duration-ms="30800" started-at="2013-11-08T01:17:11Z" finished-at="2013-11-08T01:17:42Z">
    <groups>
    </groups>
    <test name="Default test" duration-ms="30800" started-at="2013-11-08T01:17:11Z" finished-at="2013-11-08T01:17:42Z">
      <class name="com.epam.tests.ConditionerTest">
        <test-method status="PASS" signature="setUp()[pri:0, instance:com.epam.tests.ConditionerTest@40edec51]" name="setUp" is-config="true" duration-ms="10054" started-at="2013-11-08T03:17:11Z" finished-at="2013-11-08T03:17:21Z">
          <reporter-output>
            <line>
              <![CDATA[[LOG] Starting test ConditionerTest<br>]]>
            </line>
          </reporter-output>
        </test-method> <!-- setUp -->
        <test-method status="PASS" signature="initElements()[pri:0, instance:com.epam.tests.ConditionerTest@40edec51]" name="initElements" is-config="true" duration-ms="53" started-at="2013-11-08T03:17:22Z" finished-at="2013-11-08T03:17:22Z">
          <reporter-output>
          </reporter-output>
        </test-method> <!-- initElements -->
        <test-method status="FAIL" signature="conditioner(java.lang.String)[pri:0, instance:com.epam.tests.ConditionerTest@40edec51]" name="conditioner" duration-ms="20329" started-at="2013-11-08T03:17:22Z" data-provider="baseDataProvider" finished-at="2013-11-08T03:17:42Z">
          <params>
            <param index="0">
              <value>
                <![CDATA[Кондиционеры]]>
              </value>
            </param>
          </params>
          <exception class="org.openqa.selenium.StaleElementReferenceException">
            <message>
              <![CDATA[Element not found in the cache - perhaps the page has changed since it was looked up
Command duration or timeout: 13.29 seconds
For documentation on this error, please visit: http://seleniumhq.org/exceptions/stale_element_reference.html
Build info: version: '2.37.1', revision: 'a7c61cbd68657e133ae96672cf995890bad2ee42', time: '2013-10-21 09:08:07'
System info: host: 'Johnny-ПК', ip: '192.168.1.103', os.name: 'Windows 7', os.arch: 'amd64', os.version: '6.1', java.version: '1.7.0_40'
Session ID: d8a51386-33cd-46f6-93f5-a769734b5848
Driver info: org.openqa.selenium.firefox.FirefoxDriver
Capabilities [{platform=XP, databaseEnabled=true, cssSelectorsEnabled=true, javascriptEnabled=true, acceptSslCerts=true, handlesAlerts=true, browserName=firefox, browserConnectionEnabled=true, nativeEvents=true, webStorageEnabled=true, rotatable=false, locationContextEnabled=true, applicationCacheEnabled=true, takesScreenshot=true, version=25.0}]]]>
            </message>
            <full-stacktrace>
              <![CDATA[org.openqa.selenium.StaleElementReferenceException: Element not found in the cache - perhaps the page has changed since it was looked up
Command duration or timeout: 13.29 seconds
For documentation on this error, please visit: http://seleniumhq.org/exceptions/stale_element_reference.html
Build info: version: '2.37.1', revision: 'a7c61cbd68657e133ae96672cf995890bad2ee42', time: '2013-10-21 09:08:07'
System info: host: 'Johnny-ПК', ip: '192.168.1.103', os.name: 'Windows 7', os.arch: 'amd64', os.version: '6.1', java.version: '1.7.0_40'
Session ID: d8a51386-33cd-46f6-93f5-a769734b5848
Driver info: org.openqa.selenium.firefox.FirefoxDriver
Capabilities [{platform=XP, databaseEnabled=true, cssSelectorsEnabled=true, javascriptEnabled=true, acceptSslCerts=true, handlesAlerts=true, browserName=firefox, browserConnectionEnabled=true, nativeEvents=true, webStorageEnabled=true, rotatable=false, locationContextEnabled=true, applicationCacheEnabled=true, takesScreenshot=true, version=25.0}]
	at sun.reflect.NativeConstructorAccessorImpl.newInstance0(Native Method)
	at sun.reflect.NativeConstructorAccessorImpl.newInstance(NativeConstructorAccessorImpl.java:57)
	at sun.reflect.DelegatingConstructorAccessorImpl.newInstance(DelegatingConstructorAccessorImpl.java:45)
	at java.lang.reflect.Constructor.newInstance(Constructor.java:526)
	at org.openqa.selenium.remote.ErrorHandler.createThrowable(ErrorHandler.java:193)
	at org.openqa.selenium.remote.ErrorHandler.throwIfResponseFailed(ErrorHandler.java:145)
	at org.openqa.selenium.remote.RemoteWebDriver.execute(RemoteWebDriver.java:554)
	at org.openqa.selenium.remote.RemoteWebElement.execute(RemoteWebElement.java:268)
	at org.openqa.selenium.remote.RemoteWebElement.getAttribute(RemoteWebElement.java:122)
	at com.epam.helper.ConditionerHelper.checkCommonDescription(ConditionerHelper.java:54)
	at com.epam.tests.ConditionerTest.conditioner(ConditionerTest.java:26)
	at sun.reflect.NativeMethodAccessorImpl.invoke0(Native Method)
	at sun.reflect.NativeMethodAccessorImpl.invoke(NativeMethodAccessorImpl.java:57)
	at sun.reflect.DelegatingMethodAccessorImpl.invoke(DelegatingMethodAccessorImpl.java:43)
	at java.lang.reflect.Method.invoke(Method.java:606)
	at org.testng.internal.MethodInvocationHelper.invokeMethod(MethodInvocationHelper.java:84)
	at org.testng.internal.Invoker.invokeMethod(Invoker.java:714)
	at org.testng.internal.Invoker.invokeTestMethod(Invoker.java:901)
	at org.testng.internal.Invoker.invokeTestMethods(Invoker.java:1231)
	at org.testng.internal.TestMethodWorker.invokeTestMethods(TestMethodWorker.java:127)
	at org.testng.internal.TestMethodWorker.run(TestMethodWorker.java:111)
	at org.testng.TestRunner.privateRun(TestRunner.java:767)
	at org.testng.TestRunner.run(TestRunner.java:617)
	at org.testng.SuiteRunner.runTest(SuiteRunner.java:334)
	at org.testng.SuiteRunner.runSequentially(SuiteRunner.java:329)
	at org.testng.SuiteRunner.privateRun(SuiteRunner.java:291)
	at org.testng.SuiteRunner.run(SuiteRunner.java:240)
	at org.testng.SuiteRunnerWorker.runSuite(SuiteRunnerWorker.java:52)
	at org.testng.SuiteRunnerWorker.run(SuiteRunnerWorker.java:86)
	at org.testng.TestNG.runSuitesSequentially(TestNG.java:1224)
	at org.testng.TestNG.runSuitesLocally(TestNG.java:1149)
	at org.testng.TestNG.run(TestNG.java:1057)
	at org.testng.remote.RemoteTestNG.run(RemoteTestNG.java:111)
	at org.testng.remote.RemoteTestNG.initAndRun(RemoteTestNG.java:204)
	at org.testng.remote.RemoteTestNG.main(RemoteTestNG.java:175)
Caused by: org.openqa.selenium.remote.ErrorHandler$UnknownServerException: Element not found in the cache - perhaps the page has changed since it was looked up
Build info: version: '2.37.1', revision: 'a7c61cbd68657e133ae96672cf995890bad2ee42', time: '2013-10-21 09:08:07'
System info: host: 'Johnny-ПК', ip: '192.168.1.103', os.name: 'Windows 7', os.arch: 'amd64', os.version: '6.1', java.version: '1.7.0_40'
Driver info: driver.version: unknown
	at <anonymous class>.fxdriver.cache.getElementAt(resource://fxdriver/modules/web_element_cache.js:7615)
	at <anonymous class>.Utils.getElementAt(file:///C:/Temp/anonymous7925414277512444102webdriver-profile/extensions/fxdriver@googlecode.com/components/command_processor.js:7233)
	at <anonymous class>.WebElement.getElementAttribute(file:///C:/Temp/anonymous7925414277512444102webdriver-profile/extensions/fxdriver@googlecode.com/components/command_processor.js:10331)
	at <anonymous class>.DelayedCommand.prototype.executeInternal_/h(file:///C:/Temp/anonymous7925414277512444102webdriver-profile/extensions/fxdriver@googlecode.com/components/command_processor.js:10844)
	at <anonymous class>.fxdriver.Timer.prototype.setTimeout/<.notify(file:///C:/Temp/anonymous7925414277512444102webdriver-profile/extensions/fxdriver@googlecode.com/components/command_processor.js:396)
]]>
            </full-stacktrace>
          </exception> <!-- org.openqa.selenium.StaleElementReferenceException -->
          <reporter-output>
            <line>
              <![CDATA[[LOG] Opening main page <br>]]>
            </line>
          </reporter-output>
        </test-method> <!-- conditioner -->
      </class> <!-- com.epam.tests.ConditionerTest -->
    </test> <!-- Default test -->
  </suite> <!-- Default suite -->
</testng-results>
